<?xml version="1.0" encoding="UTF-8"?>
<!-- Generated by org.testng.reporters.JUnitReportReporter -->
<testsuite hostname="anhhn-HP-EliteBook-8470p" failures="0" tests="6" name="TestSuite.Login" time="17.081" errors="0" timestamp="2022-09-20T02:03:42 ICT" skipped="0">
  <testcase classname="TestSuite.Login" name="MODULE1_06" time="2.875"/>
  <testcase classname="TestSuite.Login" name="MODULE1_02" time="2.338"/>
  <testcase classname="TestSuite.Login" name="MODULE1_01" time="3.805"/>
  <testcase classname="TestSuite.Login" name="MODULE1_03" time="2.246"/>
  <testcase classname="TestSuite.Login" name="MODULE1_04" time="2.850"/>
  <testcase classname="TestSuite.Login" name="MODULE1_05" time="2.967"/>
</testsuite> <!-- TestSuite.Login -->
