<?xml version="1.0" encoding="UTF-8"?>
<!-- Generated by org.testng.reporters.JUnitReportReporter -->
<testsuite hostname="anhhn-HP-EliteBook-8470p" failures="0" tests="1" name="TestSuite.Logout" time="3.922" errors="0" timestamp="2022-09-20T02:03:42 ICT" skipped="0">
  <testcase classname="TestSuite.Logout" name="MODULE3_01" time="3.922"/>
</testsuite> <!-- TestSuite.Logout -->
